<?xml version="1.0" encoding="UTF-8"?>
<testsuite name="com.example.hasee.myapplication.ExampleUnitTest" tests="1" skipped="0" failures="0" errors="0" timestamp="2019-10-21T08:44:05" hostname="DESKTOP-H8JBMQG" time="0.002">
  <properties/>
  <testcase name="addition_isCorrect" classname="com.example.hasee.myapplication.ExampleUnitTest" time="0.002"/>
  <system-out><![CDATA[]]></system-out>
  <system-err><![CDATA[]]></system-err>
</testsuite>
